{"/Users/Bryandmr/Desktop/React/CapStoneProj/OpenDoors/backendtest/anthropicClient.js": {"path":"/Users/Bryandmr/Desktop/React/CapStoneProj/OpenDoors/backendtest/anthropicClient.js","statementMap":{"0":{"start":{"line":2,"column":18},"end":{"line":2,"column":46}},"1":{"start":{"line":4,"column":24},"end":{"line":4,"column":39}},"2":{"start":{"line":6,"column":30},"end":{"line":120,"column":1}},"3":{"start":{"line":7,"column":2},"end":{"line":119,"column":3}},"4":{"start":{"line":8,"column":21},"end":{"line":85,"column":6}},"5":{"start":{"line":87,"column":4},"end":{"line":87,"column":73}},"6":{"start":{"line":89,"column":4},"end":{"line":92,"column":5}},"7":{"start":{"line":90,"column":6},"end":{"line":90,"column":64}},"8":{"start":{"line":91,"column":6},"end":{"line":91,"column":71}},"9":{"start":{"line":94,"column":24},"end":{"line":94,"column":69}},"10":{"start":{"line":96,"column":4},"end":{"line":99,"column":5}},"11":{"start":{"line":97,"column":6},"end":{"line":97,"column":74}},"12":{"start":{"line":98,"column":6},"end":{"line":98,"column":67}},"13":{"start":{"line":102,"column":4},"end":{"line":108,"column":5}},"14":{"start":{"line":103,"column":6},"end":{"line":103,"column":52}},"15":{"start":{"line":105,"column":6},"end":{"line":105,"column":62}},"16":{"start":{"line":106,"column":6},"end":{"line":106,"column":61}},"17":{"start":{"line":107,"column":6},"end":{"line":107,"column":61}},"18":{"start":{"line":110,"column":4},"end":{"line":113,"column":5}},"19":{"start":{"line":111,"column":6},"end":{"line":111,"column":83}},"20":{"start":{"line":112,"column":6},"end":{"line":112,"column":72}},"21":{"start":{"line":115,"column":4},"end":{"line":115,"column":26}},"22":{"start":{"line":117,"column":4},"end":{"line":117,"column":69}},"23":{"start":{"line":118,"column":4},"end":{"line":118,"column":75}},"24":{"start":{"line":122,"column":0},"end":{"line":122,"column":39}}},"fnMap":{"0":{"name":"(anonymous_0)","decl":{"start":{"line":6,"column":30},"end":{"line":6,"column":31}},"loc":{"start":{"line":6,"column":107},"end":{"line":120,"column":1}},"line":6}},"branchMap":{"0":{"loc":{"start":{"line":89,"column":4},"end":{"line":92,"column":5}},"type":"if","locations":[{"start":{"line":89,"column":4},"end":{"line":92,"column":5}},{"start":{},"end":{}}],"line":89},"1":{"loc":{"start":{"line":89,"column":8},"end":{"line":89,"column":74}},"type":"binary-expr","locations":[{"start":{"line":89,"column":8},"end":{"line":89,"column":17}},{"start":{"line":89,"column":21},"end":{"line":89,"column":38}},{"start":{"line":89,"column":42},"end":{"line":89,"column":74}}],"line":89},"2":{"loc":{"start":{"line":96,"column":4},"end":{"line":99,"column":5}},"type":"if","locations":[{"start":{"line":96,"column":4},"end":{"line":99,"column":5}},{"start":{},"end":{}}],"line":96},"3":{"loc":{"start":{"line":96,"column":8},"end":{"line":96,"column":60}},"type":"binary-expr","locations":[{"start":{"line":96,"column":8},"end":{"line":96,"column":20}},{"start":{"line":96,"column":24},"end":{"line":96,"column":60}}],"line":96},"4":{"loc":{"start":{"line":110,"column":4},"end":{"line":113,"column":5}},"type":"if","locations":[{"start":{"line":110,"column":4},"end":{"line":113,"column":5}},{"start":{},"end":{}}],"line":110},"5":{"loc":{"start":{"line":110,"column":8},"end":{"line":110,"column":66}},"type":"binary-expr","locations":[{"start":{"line":110,"column":8},"end":{"line":110,"column":37}},{"start":{"line":110,"column":41},"end":{"line":110,"column":66}}],"line":110}},"s":{"0":1,"1":1,"2":1,"3":2,"4":2,"5":0,"6":0,"7":0,"8":0,"9":0,"10":0,"11":0,"12":0,"13":0,"14":0,"15":0,"16":0,"17":0,"18":0,"19":0,"20":0,"21":0,"22":2,"23":2,"24":1},"f":{"0":2},"b":{"0":[0,0],"1":[0,0,0],"2":[0,0],"3":[0,0],"4":[0,0],"5":[0,0]},"_coverageSchema":"1a1c01bbd47fc00a2c39e90264f33305004495a9","hash":"94413f38b88f8c7f4ce7af55be78168a188b7b77"}
,"/Users/Bryandmr/Desktop/React/CapStoneProj/OpenDoors/backendtest/db.js": {"path":"/Users/Bryandmr/Desktop/React/CapStoneProj/OpenDoors/backendtest/db.js","statementMap":{"0":{"start":{"line":2,"column":14},"end":{"line":2,"column":30}},"1":{"start":{"line":3,"column":0},"end":{"line":3,"column":27}},"2":{"start":{"line":5,"column":11},"end":{"line":11,"column":2}},"3":{"start":{"line":13,"column":0},"end":{"line":16,"column":3}},"4":{"start":{"line":14,"column":2},"end":{"line":14,"column":21}},"5":{"start":{"line":14,"column":11},"end":{"line":14,"column":21}},"6":{"start":{"line":15,"column":2},"end":{"line":15,"column":40}},"7":{"start":{"line":18,"column":0},"end":{"line":18,"column":20}}},"fnMap":{"0":{"name":"(anonymous_0)","decl":{"start":{"line":13,"column":11},"end":{"line":13,"column":12}},"loc":{"start":{"line":13,"column":26},"end":{"line":16,"column":1}},"line":13}},"branchMap":{"0":{"loc":{"start":{"line":14,"column":2},"end":{"line":14,"column":21}},"type":"if","locations":[{"start":{"line":14,"column":2},"end":{"line":14,"column":21}},{"start":{},"end":{}}],"line":14}},"s":{"0":1,"1":1,"2":1,"3":1,"4":0,"5":0,"6":0,"7":1},"f":{"0":0},"b":{"0":[0,0]},"_coverageSchema":"1a1c01bbd47fc00a2c39e90264f33305004495a9","hash":"d5de95b01342e64a25b2080046f8b731fb59d26c"}
}
